<?xml version="1.0" encoding="UTF-8"?>
<!-- Generated by org.testng.reporters.JUnitXMLReporter -->
<testsuite ignored="5" hostname="LAPTOP-VPD2VMP9" failures="0" tests="1" name="Test" time="0.055" errors="0" timestamp="2022-11-21T12:56:37 IST">
  <testcase classname="testNG.Class5_groups" name="run4" time="0.01"/>
  <testcase classname="testNG.Class5_groups" name="run5" time="0.0">
    <ignored/>
  </testcase> <!-- run5 -->
  <testcase classname="testNG.Class5_groups" name="run3" time="0.0">
    <ignored/>
  </testcase> <!-- run3 -->
  <testcase classname="testNG.Class5_groups" name="run2" time="0.0">
    <ignored/>
  </testcase> <!-- run2 -->
  <testcase classname="testNG.Class5_groups" name="run1" time="0.0">
    <ignored/>
  </testcase> <!-- run1 -->
  <testcase classname="testNG.Class5_groups" name="run6" time="0.0">
    <ignored/>
  </testcase> <!-- run6 -->
</testsuite> <!-- Test -->
