<?xml version="1.0" encoding="UTF-8"?>
<!-- Generated by org.testng.reporters.JUnitXMLReporter -->
<testsuite ignored="0" hostname="LAPTOP-VPD2VMP9" failures="0" tests="4" name="Test2" time="0.007" errors="0" timestamp="2022-11-18T16:30:43 IST">
  <testcase classname="testNG.Class9_ParallelTest2" name="method9" time="0.002"/>
  <testcase classname="testNG.Class9_ParallelTest2" name="method7" time="0.001"/>
  <testcase classname="testNG.Class9_ParallelTest2" name="method8" time="0.001"/>
  <testcase classname="testNG.Class9_ParallelTest2" name="method6" time="0.003"/>
</testsuite> <!-- Test2 -->
