<?xml version="1.0" encoding="UTF-8"?>
<!-- Generated by org.testng.reporters.JUnitXMLReporter -->
<testsuite ignored="0" hostname="LAPTOP-VPD2VMP9" failures="0" tests="9" name="Test1" time="0.065" errors="0" timestamp="2022-11-18T16:34:38 IST">
  <testcase classname="testNG.Class9_ParallelTest1" name="method1" time="0.006"/>
  <testcase classname="testNG.Class9_ParallelTest1" name="method2" time="0.0"/>
  <testcase classname="testNG.Class9_ParallelTest1" name="method3" time="0.001"/>
  <testcase classname="testNG.Class9_ParallelTest1" name="method4" time="0.001"/>
  <testcase classname="testNG.Class9_ParallelTest1" name="method5" time="0.001"/>
  <testcase classname="testNG.Class9_ParallelTest2" name="method6" time="0.002"/>
  <testcase classname="testNG.Class9_ParallelTest2" name="method7" time="0.002"/>
  <testcase classname="testNG.Class9_ParallelTest2" name="method8" time="0.001"/>
  <testcase classname="testNG.Class9_ParallelTest2" name="method9" time="0.001"/>
</testsuite> <!-- Test1 -->
