<?xml version="1.0" encoding="UTF-8"?>
<testng-results ignored="5" total="6" passed="1" failed="0" skipped="0">
  <reporter-output>
  </reporter-output>
  <suite started-at="2022-11-21T12:56:37 IST" name="Suite" finished-at="2022-11-21T12:56:37 IST" duration-ms="55">
    <groups>
      <group name="sanity">
        <method signature="Class5_groups.run4()[pri:0, instance:testNG.Class5_groups@130c12b7]" name="run4" class="testNG.Class5_groups"/>
      </group> <!-- sanity -->
    </groups>
    <test started-at="2022-11-21T12:56:37 IST" name="Test" finished-at="2022-11-21T12:56:37 IST" duration-ms="55">
      <class name="testNG.Class5_groups">
        <test-method signature="run4()[pri:0, instance:testNG.Class5_groups@130c12b7]" started-at="2022-11-21T12:56:37 IST" name="run4" finished-at="2022-11-21T12:56:37 IST" duration-ms="10" status="PASS">
          <reporter-output>
          </reporter-output>
        </test-method> <!-- run4 -->
      </class> <!-- testNG.Class5_groups -->
    </test> <!-- Test -->
  </suite> <!-- Suite -->
</testng-results>
